--- Starting Manual Facebook Push ---
Target Article: Former K-Pop Group Member Confirms He Is Still In Contact With Ex-Groupmates After Departure (ID: 122)
Traceback (most recent call last):
  File "C:\Users\denni\AppData\Roaming\Python\Python312\site-packages\django\db\backends\utils.py", line 89, in _execute
    return self.cursor.execute(sql, params)
           ^^^^^^^^^^^^^^^^^^^^^^^^^^^^^^^^
psycopg2.errors.NotNullViolation: null value in column "facebook_post_id" of relation "core_blogarticle" violates not-null constraint
DETAIL:  Failing row contains (122, former-k-pop-group-member-confirms-he-is-still-in-contact-with-e..., Former K-Pop Group Member Confirms He Is Still In Contact With E..., From "Turbulence" to Trust: How One Star's Candid Confession Is ..., Comeback, Former K-Pop Group Member Confirms He Is Still In Contact With E..., https://www.koreaboo.com/news/former-boy-group-member-confirms-s..., Koreaboo, https://res.cloudinary.com/diuanqnce/image/upload/v1773362266/ks..., <p>In an industry where lineup changes are often shrouded in a f..., 9, 2026-03-13 00:37:47.245074+00, , , null, null, , null, , null).


The above exception was the direct cause of the following exception:

Traceback (most recent call last):
  File "C:\Users\denni\OneDrive\Documents\Vs projects\kBeats\K-Sync\push_single_article.py", line 49, in <module>
    push_latest()
  File "C:\Users\denni\OneDrive\Documents\Vs projects\kBeats\K-Sync\push_single_article.py", line 28, in push_latest
    article.save()
  File "C:\Users\denni\OneDrive\Documents\Vs projects\kBeats\K-Sync\core\models.py", line 135, in save
    super().save(*args, **kwargs)
  File "C:\Users\denni\AppData\Roaming\Python\Python312\site-packages\django\db\models\base.py", line 814, in save
    self.save_base(
  File "C:\Users\denni\AppData\Roaming\Python\Python312\site-packages\django\db\models\base.py", line 877, in save_base
    updated = self._save_table(
              ^^^^^^^^^^^^^^^^^
  File "C:\Users\denni\AppData\Roaming\Python\Python312\site-packages\django\db\models\base.py", line 990, in _save_table
    updated = self._do_update(
              ^^^^^^^^^^^^^^^^
  File "C:\Users\denni\AppData\Roaming\Python\Python312\site-packages\django\db\models\base.py", line 1054, in _do_update
    return filtered._update(values) > 0
           ^^^^^^^^^^^^^^^^^^^^^^^^
  File "C:\Users\denni\AppData\Roaming\Python\Python312\site-packages\django\db\models\query.py", line 1233, in _update
    return query.get_compiler(self.db).execute_sql(CURSOR)
           ^^^^^^^^^^^^^^^^^^^^^^^^^^^^^^^^^^^^^^^^^^^^^^^
  File "C:\Users\denni\AppData\Roaming\Python\Python312\site-packages\django\db\models\sql\compiler.py", line 1984, in execute_sql
    cursor = super().execute_sql(result_type)
             ^^^^^^^^^^^^^^^^^^^^^^^^^^^^^^^^
  File "C:\Users\denni\AppData\Roaming\Python\Python312\site-packages\django\db\models\sql\compiler.py", line 1562, in execute_sql
    cursor.execute(sql, params)
  File "C:\Users\denni\AppData\Roaming\Python\Python312\site-packages\django\db\backends\utils.py", line 102, in execute
    return super().execute(sql, params)
           ^^^^^^^^^^^^^^^^^^^^^^^^^^^^
  File "C:\Users\denni\AppData\Roaming\Python\Python312\site-packages\django\db\backends\utils.py", line 67, in execute
    return self._execute_with_wrappers(
           ^^^^^^^^^^^^^^^^^^^^^^^^^^^^
  File "C:\Users\denni\AppData\Roaming\Python\Python312\site-packages\django\db\backends\utils.py", line 80, in _execute_with_wrappers
    return executor(sql, params, many, context)
           ^^^^^^^^^^^^^^^^^^^^^^^^^^^^^^^^^^^^
  File "C:\Users\denni\AppData\Roaming\Python\Python312\site-packages\django\db\backends\utils.py", line 84, in _execute
    with self.db.wrap_database_errors:
         ^^^^^^^^^^^^^^^^^^^^^^^^^^^^
  File "C:\Users\denni\AppData\Roaming\Python\Python312\site-packages\django\db\utils.py", line 91, in __exit__
    raise dj_exc_value.with_traceback(traceback) from exc_value
  File "C:\Users\denni\AppData\Roaming\Python\Python312\site-packages\django\db\backends\utils.py", line 89, in _execute
    return self.cursor.execute(sql, params)
           ^^^^^^^^^^^^^^^^^^^^^^^^^^^^^^^^
django.db.utils.IntegrityError: null value in column "facebook_post_id" of relation "core_blogarticle" violates not-null constraint
DETAIL:  Failing row contains (122, former-k-pop-group-member-confirms-he-is-still-in-contact-with-e..., Former K-Pop Group Member Confirms He Is Still In Contact With E..., From "Turbulence" to Trust: How One Star's Candid Confession Is ..., Comeback, Former K-Pop Group Member Confirms He Is Still In Contact With E..., https://www.koreaboo.com/news/former-boy-group-member-confirms-s..., Koreaboo, https://res.cloudinary.com/diuanqnce/image/upload/v1773362266/ks..., <p>In an industry where lineup changes are often shrouded in a f..., 9, 2026-03-13 00:37:47.245074+00, , , null, null, , null, , null).

