[17/Apr/2026 00:33:47] "GET /api/live/status/?t=1776382425910 HTTP/1.1" 200 416
[17/Apr/2026 00:33:47] "GET /api/live/status/?_ts=1776382425909 HTTP/1.1" 200 435
[17/Apr/2026 00:34:01] "GET /api/live/status/?t=1776382440911 HTTP/1.1" 200 506
[17/Apr/2026 00:34:07] "GET / HTTP/1.1" 200 30122
[17/Apr/2026 00:34:07] "GET /api/live/status/?_ts=1776382447244 HTTP/1.1" 200 442
[17/Apr/2026 00:34:07] "GET /api/live/status/?t=1776382447246 HTTP/1.1" 200 454
[17/Apr/2026 00:34:11] "GET / HTTP/1.1" 200 30084
[17/Apr/2026 00:34:12] "GET /api/live/status/?_ts=1776382451441 HTTP/1.1" 200 441
[17/Apr/2026 00:34:12] "GET /api/live/status/?t=1776382451443 HTTP/1.1" 200 493
[17/Apr/2026 00:34:15] "GET / HTTP/1.1" 200 30072
[17/Apr/2026 00:34:15] "GET /api/live/status/?_ts=1776382455780 HTTP/1.1" 200 501
[17/Apr/2026 00:34:15] "GET /api/live/status/?t=1776382455782 HTTP/1.1" 200 474
[17/Apr/2026 00:34:20] "GET / HTTP/1.1" 200 30096
[17/Apr/2026 00:34:20] "GET /api/live/status/?t=1776382460274 HTTP/1.1" 200 505
[17/Apr/2026 00:34:20] "GET /api/live/status/?_ts=1776382460272 HTTP/1.1" 200 427
[17/Apr/2026 00:34:24] "GET / HTTP/1.1" 200 30152
[17/Apr/2026 00:34:24] "GET /api/live/status/?_ts=1776382464730 HTTP/1.1" 200 457
[17/Apr/2026 00:34:24] "GET /api/live/status/?t=1776382464732 HTTP/1.1" 200 438
[17/Apr/2026 00:34:40] "GET /api/live/status/?t=1776382479737 HTTP/1.1" 200 479
[17/Apr/2026 00:34:55] "GET /api/live/status/?t=1776382494736 HTTP/1.1" 200 449
[17/Apr/2026 00:34:55] "GET /api/live/status/?_ts=1776382494735 HTTP/1.1" 200 427
[17/Apr/2026 00:35:10] "GET /api/live/status/?t=1776382509736 HTTP/1.1" 200 502
[17/Apr/2026 00:35:25] "GET /api/live/status/?_ts=1776382524739 HTTP/1.1" 200 493
[17/Apr/2026 00:35:25] "GET /api/live/status/?t=1776382524740 HTTP/1.1" 200 474
[17/Apr/2026 00:35:40] "GET /api/live/status/?t=1776382539734 HTTP/1.1" 200 413
[17/Apr/2026 00:35:55] "GET /api/live/status/?_ts=1776382554737 HTTP/1.1" 200 422
[17/Apr/2026 00:35:55] "GET /api/live/status/?t=1776382554737 HTTP/1.1" 200 510
[17/Apr/2026 00:36:10] "GET /api/live/status/?t=1776382569734 HTTP/1.1" 200 480
[17/Apr/2026 00:36:25] "GET /api/live/status/?_ts=1776382584734 HTTP/1.1" 200 428
[17/Apr/2026 00:36:25] "GET /api/live/status/?t=1776382584735 HTTP/1.1" 200 486
[17/Apr/2026 00:36:40] "GET /api/live/status/?t=1776382599734 HTTP/1.1" 200 470
[17/Apr/2026 00:36:55] "GET /api/live/status/?_ts=1776382614733 HTTP/1.1" 200 511
[17/Apr/2026 00:36:55] "GET /api/live/status/?t=1776382614739 HTTP/1.1" 200 510
[17/Apr/2026 00:37:10] "GET /api/live/status/?t=1776382629737 HTTP/1.1" 200 420
[17/Apr/2026 00:37:25] "GET /api/live/status/?t=1776382644739 HTTP/1.1" 200 414
[17/Apr/2026 00:37:25] "GET /api/live/status/?_ts=1776382644738 HTTP/1.1" 200 477
[17/Apr/2026 00:37:40] "GET /api/live/status/?t=1776382659739 HTTP/1.1" 200 422
[17/Apr/2026 00:37:55] "GET /api/live/status/?_ts=1776382674734 HTTP/1.1" 200 443
[17/Apr/2026 00:37:55] "GET /api/live/status/?t=1776382674734 HTTP/1.1" 200 492
[17/Apr/2026 00:38:32] "GET /api/live/status/?t=1776382689738 HTTP/1.1" 200 508
[17/Apr/2026 00:38:32] "GET /api/live/status/?_ts=1776382704733 HTTP/1.1" 200 459
[17/Apr/2026 00:38:32] "GET /api/live/status/?t=1776382704737 HTTP/1.1" 200 474
[17/Apr/2026 00:38:39] "GET /api/live/status/?t=1776382719740 HTTP/1.1" 200 465
[17/Apr/2026 00:38:56] "GET /api/live/status/?_ts=1776382734733 HTTP/1.1" 200 454
[17/Apr/2026 00:38:56] "GET /api/live/status/?t=1776382734738 HTTP/1.1" 200 455
[17/Apr/2026 00:39:10] "GET /api/live/status/?t=1776382749734 HTTP/1.1" 200 457
[17/Apr/2026 00:39:25] "GET /api/live/status/?t=1776382764737 HTTP/1.1" 200 454
[17/Apr/2026 00:39:25] "GET /api/live/status/?_ts=1776382764732 HTTP/1.1" 200 474
[17/Apr/2026 00:39:46] "GET /api/live/status/?t=1776382779736 HTTP/1.1" 200 505
[17/Apr/2026 00:39:54] "GET /api/live/status/?_ts=1776382794732 HTTP/1.1" 200 514
[17/Apr/2026 00:39:55] "GET /api/live/status/?t=1776382794737 HTTP/1.1" 200 503
[17/Apr/2026 00:40:10] "GET /api/live/status/?t=1776382809737 HTTP/1.1" 200 446
[17/Apr/2026 00:40:25] "GET /api/live/status/?_ts=1776382824733 HTTP/1.1" 200 442
[17/Apr/2026 00:40:25] "GET /api/live/status/?t=1776382824737 HTTP/1.1" 200 489
[17/Apr/2026 00:40:40] "GET /api/live/status/?t=1776382839737 HTTP/1.1" 200 455
[17/Apr/2026 00:40:55] "GET /api/live/status/?t=1776382854737 HTTP/1.1" 200 433
[17/Apr/2026 00:40:55] "GET /api/live/status/?_ts=1776382854732 HTTP/1.1" 200 451
[17/Apr/2026 00:41:10] "GET /api/live/status/?t=1776382869738 HTTP/1.1" 200 452
[17/Apr/2026 00:41:25] "GET /api/live/status/?_ts=1776382884732 HTTP/1.1" 200 505
[17/Apr/2026 00:41:25] "GET /api/live/status/?t=1776382884738 HTTP/1.1" 200 504
[17/Apr/2026 00:41:40] "GET /api/live/status/?t=1776382899737 HTTP/1.1" 200 524
[17/Apr/2026 00:41:55] "GET /api/live/status/?_ts=1776382914733 HTTP/1.1" 200 440
[17/Apr/2026 00:41:55] "GET /api/live/status/?t=1776382914737 HTTP/1.1" 200 450
[17/Apr/2026 00:42:10] "GET /api/live/status/?t=1776382929738 HTTP/1.1" 200 530
[17/Apr/2026 00:42:25] "GET /api/live/status/?t=1776382944737 HTTP/1.1" 200 483
[17/Apr/2026 00:42:25] "GET /api/live/status/?_ts=1776382944733 HTTP/1.1" 200 450
[17/Apr/2026 00:42:29] "GET / HTTP/1.1" 200 30142
[17/Apr/2026 00:42:29] "GET /api/live/status/?_ts=1776382949325 HTTP/1.1" 200 493
[17/Apr/2026 00:42:29] "GET /api/live/status/?t=1776382949327 HTTP/1.1" 200 532
[17/Apr/2026 00:42:31] "GET /schedule/ HTTP/1.1" 200 16803
[17/Apr/2026 00:42:32] "GET /api/live/status/?_ts=1776382952281 HTTP/1.1" 200 489
[17/Apr/2026 00:42:32] "GET /api/schedule-data/ HTTP/1.1" 200 543
[17/Apr/2026 00:43:02] "GET /api/live/status/?_ts=1776382982298 HTTP/1.1" 200 539
[17/Apr/2026 00:43:33] "GET /api/live/status/?_ts=1776383012289 HTTP/1.1" 200 507
[17/Apr/2026 00:44:02] "GET /api/live/status/?_ts=1776383042284 HTTP/1.1" 200 491
[17/Apr/2026 00:44:32] "GET /api/live/status/?_ts=1776383072286 HTTP/1.1" 200 467
[17/Apr/2026 00:45:02] "GET /api/live/status/?_ts=1776383102294 HTTP/1.1" 200 487
[17/Apr/2026 00:45:32] "GET /api/live/status/?_ts=1776383132287 HTTP/1.1" 200 542
[17/Apr/2026 00:46:03] "GET /api/live/status/?_ts=1776383162293 HTTP/1.1" 200 465
[17/Apr/2026 00:46:33] "GET /api/live/status/?_ts=1776383192284 HTTP/1.1" 200 539
[17/Apr/2026 00:47:02] "GET /api/live/status/?_ts=1776383222293 HTTP/1.1" 200 511
[17/Apr/2026 00:47:32] "GET /api/live/status/?_ts=1776383252283 HTTP/1.1" 200 495
[17/Apr/2026 00:48:03] "GET /api/live/status/?_ts=1776383282292 HTTP/1.1" 200 513
[17/Apr/2026 00:48:32] "GET /api/live/status/?_ts=1776383312291 HTTP/1.1" 200 471
[17/Apr/2026 00:49:02] "GET /api/live/status/?_ts=1776383342292 HTTP/1.1" 200 502
[17/Apr/2026 00:49:33] "GET /api/live/status/?_ts=1776383372283 HTTP/1.1" 200 461
[17/Apr/2026 00:50:03] "GET /api/live/status/?_ts=1776383402290 HTTP/1.1" 200 486
[17/Apr/2026 00:50:32] "GET /api/live/status/?_ts=1776383432290 HTTP/1.1" 200 441
[17/Apr/2026 00:51:02] "GET /api/live/status/?_ts=1776383462291 HTTP/1.1" 200 417
[17/Apr/2026 00:51:32] "GET /api/live/status/?_ts=1776383492283 HTTP/1.1" 200 528
[17/Apr/2026 00:58:17] "GET / HTTP/1.1" 200 30502
[17/Apr/2026 00:58:17] "GET /static/core/js/button_tracking.js HTTP/1.1" 200 19528
[17/Apr/2026 00:58:17] "GET /static/core/css/home-tailwind.css HTTP/1.1" 200 43434
[17/Apr/2026 00:58:17] "GET /static/core/site.webmanifest HTTP/1.1" 304 0
[17/Apr/2026 00:58:18] "GET /api/live/status/?_ts=1776383897761 HTTP/1.1" 200 491
[17/Apr/2026 00:58:18] "GET /api/live/status/?t=1776383897762 HTTP/1.1" 200 485
[17/Apr/2026 00:58:33] "GET /api/live/status/?t=1776383912767 HTTP/1.1" 200 534
[17/Apr/2026 00:58:48] "GET /api/live/status/?_ts=1776383927762 HTTP/1.1" 200 552
[17/Apr/2026 00:58:48] "GET /api/live/status/?t=1776383927767 HTTP/1.1" 200 531
[17/Apr/2026 00:59:03] "GET /api/live/status/?t=1776383942763 HTTP/1.1" 200 556
Not Found: /.well-known/appspecific/com.chrome.devtools.json
[17/Apr/2026 00:59:03] "GET /.well-known/appspecific/com.chrome.devtools.json HTTP/1.1" 404 3951
[17/Apr/2026 00:59:18] "GET /api/live/status/?t=1776383957770 HTTP/1.1" 200 555
[17/Apr/2026 00:59:18] "GET /api/live/status/?_ts=1776383957769 HTTP/1.1" 200 464
[17/Apr/2026 00:59:33] "GET /api/live/status/?t=1776383972768 HTTP/1.1" 200 518
[17/Apr/2026 00:59:48] "GET /api/live/status/?_ts=1776383987762 HTTP/1.1" 200 519
[17/Apr/2026 00:59:48] "GET /api/live/status/?t=1776383987768 HTTP/1.1" 200 467
[17/Apr/2026 01:00:03] "GET /api/live/status/?t=1776384002765 HTTP/1.1" 200 493
[17/Apr/2026 01:00:18] "GET /api/live/status/?t=1776384017766 HTTP/1.1" 200 488
[17/Apr/2026 01:00:18] "GET /api/live/status/?_ts=1776384017765 HTTP/1.1" 200 539
[17/Apr/2026 01:00:33] "GET /api/live/status/?t=1776384032768 HTTP/1.1" 200 524
[17/Apr/2026 01:00:48] "GET /api/live/status/?_ts=1776384047763 HTTP/1.1" 200 556
[17/Apr/2026 01:00:48] "GET /api/live/status/?t=1776384047763 HTTP/1.1" 200 516
[17/Apr/2026 01:01:03] "GET /api/live/status/?t=1776384062764 HTTP/1.1" 200 536
[17/Apr/2026 01:01:18] "GET /api/live/status/?_ts=1776384077768 HTTP/1.1" 200 513
[17/Apr/2026 01:01:18] "GET /api/live/status/?t=1776384077768 HTTP/1.1" 200 545
[17/Apr/2026 01:01:33] "GET /api/live/status/?t=1776384092763 HTTP/1.1" 200 478
[17/Apr/2026 01:01:48] "GET /api/live/status/?_ts=1776384107762 HTTP/1.1" 200 477
[17/Apr/2026 01:01:48] "GET /api/live/status/?t=1776384107768 HTTP/1.1" 200 477
[17/Apr/2026 01:02:03] "GET /api/live/status/?t=1776384122764 HTTP/1.1" 200 543
[17/Apr/2026 01:02:18] "GET /api/live/status/?t=1776384137764 HTTP/1.1" 200 469
[17/Apr/2026 01:02:18] "GET /api/live/status/?_ts=1776384137763 HTTP/1.1" 200 461
[17/Apr/2026 01:02:23] "GET / HTTP/1.1" 200 30494
Not Found: /.well-known/appspecific/com.chrome.devtools.json
[17/Apr/2026 01:02:23] "GET /.well-known/appspecific/com.chrome.devtools.json HTTP/1.1" 404 3960
[17/Apr/2026 01:02:23] "GET /api/live/status/?_ts=1776384143913 HTTP/1.1" 200 490
[17/Apr/2026 01:02:24] "GET /api/live/status/?t=1776384143914 HTTP/1.1" 200 550
[17/Apr/2026 01:02:24] "GET /static/core/img/favicon.ico HTTP/1.1" 200 12017
[17/Apr/2026 01:02:29] "GET / HTTP/1.1" 200 30457
Not Found: /.well-known/appspecific/com.chrome.devtools.json
[17/Apr/2026 01:02:29] "GET /.well-known/appspecific/com.chrome.devtools.json HTTP/1.1" 404 3899
[17/Apr/2026 01:02:30] "GET /api/live/status/?t=1776384149883 HTTP/1.1" 200 458
[17/Apr/2026 01:02:30] "GET /api/live/status/?_ts=1776384149882 HTTP/1.1" 200 526
[17/Apr/2026 01:02:45] "GET /api/live/status/?t=1776384164888 HTTP/1.1" 200 505
[17/Apr/2026 01:03:00] "GET /api/live/status/?t=1776384179888 HTTP/1.1" 200 470
[17/Apr/2026 01:03:00] "GET /api/live/status/?_ts=1776384179883 HTTP/1.1" 200 465
[17/Apr/2026 01:03:15] "GET /api/live/status/?t=1776384194889 HTTP/1.1" 200 550
[17/Apr/2026 01:03:30] "GET /api/live/status/?t=1776384209888 HTTP/1.1" 200 548
[17/Apr/2026 01:03:30] "GET /api/live/status/?_ts=1776384209883 HTTP/1.1" 200 525
[17/Apr/2026 01:03:45] "GET /api/live/status/?t=1776384224888 HTTP/1.1" 200 529
[17/Apr/2026 01:04:00] "GET /api/live/status/?_ts=1776384239885 HTTP/1.1" 200 474
[17/Apr/2026 01:04:00] "GET /api/live/status/?t=1776384239885 HTTP/1.1" 200 484
[17/Apr/2026 01:04:15] "GET /api/live/status/?t=1776384254888 HTTP/1.1" 200 551
[17/Apr/2026 01:04:30] "GET /api/live/status/?t=1776384269885 HTTP/1.1" 200 525
[17/Apr/2026 01:04:30] "GET /api/live/status/?_ts=1776384269884 HTTP/1.1" 200 546
[17/Apr/2026 01:04:45] "GET /api/live/status/?t=1776384284888 HTTP/1.1" 200 542
[17/Apr/2026 01:04:54] "GET / HTTP/1.1" 200 30503
Not Found: /.well-known/appspecific/com.chrome.devtools.json
[17/Apr/2026 01:04:54] "GET /.well-known/appspecific/com.chrome.devtools.json HTTP/1.1" 404 3955
[17/Apr/2026 01:04:55] "GET /api/live/status/?_ts=1776384294240 HTTP/1.1" 200 536
[17/Apr/2026 01:04:55] "GET /api/live/status/?t=1776384294241 HTTP/1.1" 200 484
[17/Apr/2026 01:05:05] "GET / HTTP/1.1" 200 30484
[17/Apr/2026 01:05:05] "GET /static/core/css/home-tailwind.css HTTP/1.1" 200 43434
Not Found: /.well-known/appspecific/com.chrome.devtools.json
[17/Apr/2026 01:05:05] "GET /.well-known/appspecific/com.chrome.devtools.json HTTP/1.1" 404 3883
[17/Apr/2026 01:05:05] "GET /static/core/js/button_tracking.js HTTP/1.1" 200 19528
[17/Apr/2026 01:05:05] "GET /static/core/img/favicon.ico HTTP/1.1" 200 12017
[17/Apr/2026 01:05:05] "GET /static/core/site.webmanifest HTTP/1.1" 200 711
[17/Apr/2026 01:05:05] "GET /api/live/status/?_ts=1776384305513 HTTP/1.1" 200 501
[17/Apr/2026 01:05:05] "GET /api/live/status/?t=1776384305514 HTTP/1.1" 200 453
[17/Apr/2026 01:05:20] "GET /api/live/status/?t=1776384320519 HTTP/1.1" 200 497
[17/Apr/2026 01:05:35] "GET /api/live/status/?t=1776384335514 HTTP/1.1" 200 480
[17/Apr/2026 01:05:35] "GET /api/live/status/?_ts=1776384335514 HTTP/1.1" 200 492
[17/Apr/2026 01:05:50] "GET /api/live/status/?t=1776384350519 HTTP/1.1" 200 533
[17/Apr/2026 01:06:06] "GET /api/live/status/?_ts=1776384365518 HTTP/1.1" 200 458
[17/Apr/2026 01:06:06] "GET /api/live/status/?t=1776384365518 HTTP/1.1" 200 507
[17/Apr/2026 01:06:11] "GET / HTTP/1.1" 200 30448
[17/Apr/2026 01:06:11] "GET /api/live/status/?t=1776384371635 HTTP/1.1" 200 499
[17/Apr/2026 01:06:11] "GET /api/live/status/?_ts=1776384371634 HTTP/1.1" 200 501
[17/Apr/2026 01:06:27] "GET /api/live/status/?t=1776384386641 HTTP/1.1" 200 526
Not Found: /.well-known/appspecific/com.chrome.devtools.json
[17/Apr/2026 01:06:41] "GET /.well-known/appspecific/com.chrome.devtools.json HTTP/1.1" 404 3970
[17/Apr/2026 01:06:42] "GET /api/live/status/?t=1776384401641 HTTP/1.1" 200 547
[17/Apr/2026 01:06:42] "GET /api/live/status/?_ts=1776384401636 HTTP/1.1" 200 500
[17/Apr/2026 01:06:58] "GET /api/live/status/?t=1776384416637 HTTP/1.1" 200 552
[17/Apr/2026 01:07:12] "GET /api/live/status/?_ts=1776384431636 HTTP/1.1" 200 551
[17/Apr/2026 01:07:12] "GET /api/live/status/?t=1776384431642 HTTP/1.1" 200 543
[17/Apr/2026 01:07:27] "GET /api/live/status/?t=1776384446646 HTTP/1.1" 200 458
[17/Apr/2026 01:07:42] "GET /api/live/status/?_ts=1776384461636 HTTP/1.1" 200 542
[17/Apr/2026 01:07:42] "GET /api/live/status/?t=1776384461641 HTTP/1.1" 200 457
[17/Apr/2026 01:07:44] "GET / HTTP/1.1" 200 30436
Not Found: /.well-known/appspecific/com.chrome.devtools.json
[17/Apr/2026 01:07:44] "GET /.well-known/appspecific/com.chrome.devtools.json HTTP/1.1" 404 3933
[17/Apr/2026 01:07:44] "GET /api/live/status/?_ts=1776384464933 HTTP/1.1" 200 498
[17/Apr/2026 01:07:44] "GET /api/live/status/?t=1776384464935 HTTP/1.1" 200 495
[17/Apr/2026 01:07:53] "GET / HTTP/1.1" 200 30432
Not Found: /.well-known/appspecific/com.chrome.devtools.json
[17/Apr/2026 01:07:53] "GET /.well-known/appspecific/com.chrome.devtools.json HTTP/1.1" 404 3883
[17/Apr/2026 01:07:54] "GET /api/live/status/?t=1776384473495 HTTP/1.1" 200 541
[17/Apr/2026 01:07:54] "GET /api/live/status/?_ts=1776384473493 HTTP/1.1" 200 500
[17/Apr/2026 01:08:10] "GET / HTTP/1.1" 200 30439
[17/Apr/2026 01:08:11] "GET /api/live/status/?_ts=1776384491048 HTTP/1.1" 200 523
[17/Apr/2026 01:08:11] "GET /api/live/status/?t=1776384491049 HTTP/1.1" 200 489
Not Found: /.well-known/appspecific/com.chrome.devtools.json
[17/Apr/2026 01:08:15] "GET /.well-known/appspecific/com.chrome.devtools.json HTTP/1.1" 404 3969
[17/Apr/2026 01:08:26] "GET /api/live/status/?t=1776384506054 HTTP/1.1" 200 463
[17/Apr/2026 01:08:41] "GET /api/live/status/?_ts=1776384521050 HTTP/1.1" 200 552
[17/Apr/2026 01:08:41] "GET /api/live/status/?t=1776384521050 HTTP/1.1" 200 489
[17/Apr/2026 01:08:44] "GET /idols/blackpink/members/jennie/ HTTP/1.1" 200 19820
[17/Apr/2026 01:08:44] "GET /static/core/css/home-tailwind.css HTTP/1.1" 200 43434
[17/Apr/2026 01:08:44] "GET /static/core/js/button_tracking.js HTTP/1.1" 200 19528
[17/Apr/2026 01:08:45] "GET /api/live/status/?_ts=1776384525102 HTTP/1.1" 200 498
[17/Apr/2026 01:08:45] "GET /static/core/site.webmanifest HTTP/1.1" 200 711
[17/Apr/2026 01:08:56] "GET /api/live/status/?t=1776384536057 HTTP/1.1" 200 526
[17/Apr/2026 01:09:11] "GET /api/live/status/?_ts=1776384551057 HTTP/1.1" 200 531
[17/Apr/2026 01:09:11] "GET /api/live/status/?t=1776384551059 HTTP/1.1" 200 453
[17/Apr/2026 01:09:12] "GET / HTTP/1.1" 200 30424
[17/Apr/2026 01:09:12] "GET /api/live/status/?_ts=1776384552453 HTTP/1.1" 200 507
[17/Apr/2026 01:09:12] "GET /api/live/status/?t=1776384552455 HTTP/1.1" 200 474
[17/Apr/2026 01:09:26] "GET /api/live/status/?t=1776384566054 HTTP/1.1" 200 547
[17/Apr/2026 01:09:27] "GET /api/live/status/?t=1776384567461 HTTP/1.1" 200 467
[17/Apr/2026 01:09:41] "GET /api/live/status/?t=1776384581050 HTTP/1.1" 200 482
[17/Apr/2026 01:09:41] "GET /api/live/status/?_ts=1776384581049 HTTP/1.1" 200 547
[17/Apr/2026 01:09:42] "GET /api/live/status/?_ts=1776384582461 HTTP/1.1" 200 465
[17/Apr/2026 01:09:42] "GET /api/live/status/?t=1776384582462 HTTP/1.1" 200 550
[17/Apr/2026 01:09:56] "GET /api/live/status/?t=1776384596050 HTTP/1.1" 200 453
[17/Apr/2026 01:09:58] "GET /api/live/status/?t=1776384597469 HTTP/1.1" 200 494
[17/Apr/2026 01:10:11] "GET /api/live/status/?_ts=1776384611050 HTTP/1.1" 200 511
[17/Apr/2026 01:10:11] "GET /api/live/status/?t=1776384611050 HTTP/1.1" 200 477
[17/Apr/2026 01:10:12] "GET /api/live/status/?_ts=1776384612464 HTTP/1.1" 200 547
[17/Apr/2026 01:10:12] "GET /api/live/status/?t=1776384612465 HTTP/1.1" 200 463
[17/Apr/2026 01:10:27] "GET /api/live/status/?t=1776384626055 HTTP/1.1" 200 532
[17/Apr/2026 01:10:27] "GET /api/live/status/?t=1776384627459 HTTP/1.1" 200 474
[17/Apr/2026 01:10:41] "GET /api/live/status/?_ts=1776384641050 HTTP/1.1" 200 536
[17/Apr/2026 01:10:41] "GET /api/live/status/?t=1776384641050 HTTP/1.1" 200 470
[17/Apr/2026 01:10:42] "GET /api/live/status/?_ts=1776384642459 HTTP/1.1" 200 521
[17/Apr/2026 01:10:42] "GET /api/live/status/?t=1776384642459 HTTP/1.1" 200 472
[17/Apr/2026 01:10:56] "GET /api/live/status/?t=1776384656055 HTTP/1.1" 200 490
[17/Apr/2026 01:10:57] "GET /api/live/status/?t=1776384657465 HTTP/1.1" 200 507
[17/Apr/2026 01:11:11] "GET /api/live/status/?t=1776384671056 HTTP/1.1" 200 490
[17/Apr/2026 01:11:11] "GET /api/live/status/?_ts=1776384671056 HTTP/1.1" 200 551
[17/Apr/2026 01:11:12] "GET /api/live/status/?t=1776384672463 HTTP/1.1" 200 482
[17/Apr/2026 01:11:12] "GET /api/live/status/?_ts=1776384672462 HTTP/1.1" 200 516
[17/Apr/2026 01:11:26] "GET /api/live/status/?t=1776384686054 HTTP/1.1" 200 526
[17/Apr/2026 01:11:27] "GET /api/live/status/?t=1776384687471 HTTP/1.1" 200 527
[17/Apr/2026 01:11:41] "GET /api/live/status/?_ts=1776384701049 HTTP/1.1" 200 498
[17/Apr/2026 01:11:41] "GET /api/live/status/?t=1776384701049 HTTP/1.1" 200 535
[17/Apr/2026 01:11:42] "GET /api/live/status/?_ts=1776384702465 HTTP/1.1" 200 525
[17/Apr/2026 01:11:42] "GET /api/live/status/?t=1776384702466 HTTP/1.1" 200 526
[17/Apr/2026 01:11:56] "GET /api/live/status/?t=1776384716050 HTTP/1.1" 200 505
[17/Apr/2026 01:11:57] "GET /api/live/status/?t=1776384717460 HTTP/1.1" 200 459
[17/Apr/2026 01:12:11] "GET /api/live/status/?_ts=1776384731050 HTTP/1.1" 200 485
[17/Apr/2026 01:12:11] "GET /api/live/status/?t=1776384731050 HTTP/1.1" 200 544
[17/Apr/2026 01:12:12] "GET /api/live/status/?_ts=1776384732461 HTTP/1.1" 200 504
[17/Apr/2026 01:12:12] "GET /api/live/status/?t=1776384732462 HTTP/1.1" 200 470
[17/Apr/2026 01:12:26] "GET /api/live/status/?t=1776384746050 HTTP/1.1" 200 472
[17/Apr/2026 01:12:27] "GET /api/live/status/?t=1776384747463 HTTP/1.1" 200 484
[17/Apr/2026 01:12:41] "GET /api/live/status/?_ts=1776384761049 HTTP/1.1" 200 509
[17/Apr/2026 01:12:41] "GET /api/live/status/?t=1776384761054 HTTP/1.1" 200 454
[17/Apr/2026 01:12:42] "GET /api/live/status/?_ts=1776384762457 HTTP/1.1" 200 480
[17/Apr/2026 01:12:42] "GET /api/live/status/?t=1776384762473 HTTP/1.1" 200 500
[17/Apr/2026 01:12:57] "GET /api/live/status/?t=1776384777465 HTTP/1.1" 200 529
[17/Apr/2026 01:12:57] "GET /api/live/status/?t=1776384776055 HTTP/1.1" 200 485
[17/Apr/2026 01:13:11] "GET /api/live/status/?_ts=1776384791049 HTTP/1.1" 200 456
[17/Apr/2026 01:13:11] "GET /api/live/status/?t=1776384791054 HTTP/1.1" 200 468
[17/Apr/2026 01:13:12] "GET /api/live/status/?_ts=1776384792461 HTTP/1.1" 200 476
[17/Apr/2026 01:13:12] "GET /api/live/status/?t=1776384792461 HTTP/1.1" 200 489
[17/Apr/2026 01:13:26] "GET /api/live/status/?t=1776384806050 HTTP/1.1" 200 546
[17/Apr/2026 01:13:27] "GET /api/live/status/?t=1776384807465 HTTP/1.1" 200 475
[17/Apr/2026 01:13:41] "GET /api/live/status/?t=1776384821054 HTTP/1.1" 200 537
[17/Apr/2026 01:13:41] "GET /api/live/status/?_ts=1776384821049 HTTP/1.1" 200 535
[17/Apr/2026 01:13:42] "GET /api/live/status/?_ts=1776384822465 HTTP/1.1" 200 517
[17/Apr/2026 01:13:42] "GET /api/live/status/?t=1776384822466 HTTP/1.1" 200 491
[17/Apr/2026 01:13:56] "GET /api/live/status/?t=1776384836049 HTTP/1.1" 200 503
[17/Apr/2026 01:13:57] "GET /api/live/status/?t=1776384837465 HTTP/1.1" 200 460
[17/Apr/2026 01:14:11] "GET /api/live/status/?t=1776384851050 HTTP/1.1" 200 541
[17/Apr/2026 01:14:11] "GET /api/live/status/?_ts=1776384851050 HTTP/1.1" 200 486
[17/Apr/2026 01:14:12] "GET /api/live/status/?_ts=1776384852456 HTTP/1.1" 200 490
[17/Apr/2026 01:14:12] "GET /api/live/status/?t=1776384852471 HTTP/1.1" 200 497
[17/Apr/2026 01:14:26] "GET /api/live/status/?t=1776384866055 HTTP/1.1" 200 533
[17/Apr/2026 01:14:27] "GET /api/live/status/?t=1776384867466 HTTP/1.1" 200 512
[17/Apr/2026 01:14:41] "GET /api/live/status/?_ts=1776384881049 HTTP/1.1" 200 502
[17/Apr/2026 01:14:41] "GET /api/live/status/?t=1776384881055 HTTP/1.1" 200 467
[17/Apr/2026 01:14:42] "GET /api/live/status/?_ts=1776384882461 HTTP/1.1" 200 530
[17/Apr/2026 01:14:42] "GET /api/live/status/?t=1776384882463 HTTP/1.1" 200 473
[17/Apr/2026 01:14:56] "GET /api/live/status/?t=1776384896049 HTTP/1.1" 200 505
[17/Apr/2026 01:14:57] "GET /api/live/status/?t=1776384897462 HTTP/1.1" 200 462
[17/Apr/2026 01:15:11] "GET /api/live/status/?_ts=1776384911051 HTTP/1.1" 200 463
[17/Apr/2026 01:15:11] "GET /api/live/status/?t=1776384911051 HTTP/1.1" 200 530
[17/Apr/2026 01:15:12] "GET /api/live/status/?_ts=1776384912461 HTTP/1.1" 200 548
[17/Apr/2026 01:15:12] "GET /api/live/status/?t=1776384912463 HTTP/1.1" 200 515
[17/Apr/2026 01:15:26] "GET /api/live/status/?t=1776384926055 HTTP/1.1" 200 497
[17/Apr/2026 01:15:27] "GET /api/live/status/?t=1776384927473 HTTP/1.1" 200 525
[17/Apr/2026 01:15:41] "GET /api/live/status/?_ts=1776384941050 HTTP/1.1" 200 501
[17/Apr/2026 01:15:41] "GET /api/live/status/?t=1776384941050 HTTP/1.1" 200 491
[17/Apr/2026 01:15:42] "GET /api/live/status/?_ts=1776384942464 HTTP/1.1" 200 492
[17/Apr/2026 01:15:42] "GET /api/live/status/?t=1776384942465 HTTP/1.1" 200 473
[17/Apr/2026 01:15:56] "GET /api/live/status/?t=1776384956054 HTTP/1.1" 200 511
[17/Apr/2026 01:15:57] "GET /api/live/status/?t=1776384957466 HTTP/1.1" 200 488
[17/Apr/2026 01:16:11] "GET /api/live/status/?t=1776384971054 HTTP/1.1" 200 456
[17/Apr/2026 01:16:11] "GET /api/live/status/?_ts=1776384971049 HTTP/1.1" 200 478
[17/Apr/2026 01:16:12] "GET /api/live/status/?t=1776384972467 HTTP/1.1" 200 495
[17/Apr/2026 01:16:12] "GET /api/live/status/?_ts=1776384972466 HTTP/1.1" 200 539
[17/Apr/2026 01:16:23] "GET / HTTP/1.1" 200 30692
Not Found: /.well-known/appspecific/com.chrome.devtools.json
[17/Apr/2026 01:16:23] "GET /.well-known/appspecific/com.chrome.devtools.json HTTP/1.1" 404 3944
[17/Apr/2026 01:16:24] "GET /api/live/status/?_ts=1776384983796 HTTP/1.1" 200 519
[17/Apr/2026 01:16:24] "GET /api/live/status/?t=1776384983797 HTTP/1.1" 200 518
[17/Apr/2026 01:16:27] "GET /api/live/status/?t=1776384987467 HTTP/1.1" 200 459
[17/Apr/2026 01:16:39] "GET /api/live/status/?t=1776384998802 HTTP/1.1" 200 501
[17/Apr/2026 01:16:42] "GET /api/live/status/?_ts=1776385002458 HTTP/1.1" 200 528
[17/Apr/2026 01:16:42] "GET /api/live/status/?t=1776385002458 HTTP/1.1" 200 488
[17/Apr/2026 01:16:54] "GET /api/live/status/?_ts=1776385013797 HTTP/1.1" 200 484
[17/Apr/2026 01:16:54] "GET /api/live/status/?t=1776385013801 HTTP/1.1" 200 485
[17/Apr/2026 01:16:57] "GET /api/live/status/?t=1776385017471 HTTP/1.1" 200 512
[17/Apr/2026 01:17:09] "GET /api/live/status/?t=1776385028802 HTTP/1.1" 200 525
[17/Apr/2026 01:17:12] "GET /api/live/status/?_ts=1776385032458 HTTP/1.1" 200 473
[17/Apr/2026 01:17:12] "GET /api/live/status/?t=1776385032459 HTTP/1.1" 200 467
[17/Apr/2026 01:17:18] "GET / HTTP/1.1" 200 30529
Not Found: /.well-known/appspecific/com.chrome.devtools.json
[17/Apr/2026 01:17:18] "GET /.well-known/appspecific/com.chrome.devtools.json HTTP/1.1" 404 3908
[17/Apr/2026 01:17:18] "GET /api/live/status/?_ts=1776385038163 HTTP/1.1" 200 540
[17/Apr/2026 01:17:18] "GET /api/live/status/?t=1776385038165 HTTP/1.1" 200 469
[17/Apr/2026 01:17:28] "GET /api/live/status/?t=1776385047471 HTTP/1.1" 200 552
[17/Apr/2026 01:17:33] "GET /api/live/status/?t=1776385053170 HTTP/1.1" 200 453
[17/Apr/2026 01:17:42] "GET /api/live/status/?_ts=1776385062467 HTTP/1.1" 200 510
[17/Apr/2026 01:17:43] "GET /api/live/status/?t=1776385062469 HTTP/1.1" 200 487
[17/Apr/2026 01:17:48] "GET /api/live/status/?_ts=1776385068164 HTTP/1.1" 200 531
[17/Apr/2026 01:17:48] "GET /api/live/status/?t=1776385068170 HTTP/1.1" 200 512
[17/Apr/2026 01:17:58] "GET /api/live/status/?t=1776385077466 HTTP/1.1" 200 501
[17/Apr/2026 01:18:03] "GET /api/live/status/?t=1776385083177 HTTP/1.1" 200 483
[17/Apr/2026 01:18:12] "GET / HTTP/1.1" 200 30519
[17/Apr/2026 01:18:12] "GET /api/live/status/?_ts=1776385092600 HTTP/1.1" 200 543
[17/Apr/2026 01:18:12] "GET /static/core/img/favicon.ico HTTP/1.1" 200 12017
[17/Apr/2026 01:18:13] "GET /api/live/status/?t=1776385092604 HTTP/1.1" 200 547
[17/Apr/2026 01:18:18] "GET /api/live/status/?t=1776385098171 HTTP/1.1" 200 537
[17/Apr/2026 01:18:18] "GET /api/live/status/?_ts=1776385098171 HTTP/1.1" 200 501
[17/Apr/2026 01:18:20] "GET / HTTP/1.1" 200 198911
[17/Apr/2026 01:18:20] "GET / HTTP/1.1" 200 198911
[17/Apr/2026 01:18:20,605] - Broken pipe from ('127.0.0.1', 50629)
[17/Apr/2026 01:18:21,301] - Broken pipe from ('127.0.0.1', 50628)
[17/Apr/2026 01:18:28] "GET /api/live/status/?t=1776385107610 HTTP/1.1" 200 540
[17/Apr/2026 01:18:33] "GET /api/live/status/?t=1776385113171 HTTP/1.1" 200 494
